[2025-09-18 17:03:24] SEARCH DB=IBIS EXPR="HIN=304DB75F1960002100159844"
[2025-09-18 17:03:24] SEARCH DB=IBIS EXPR="HIN=304DB75F1960002100159844"
[2025-09-18 17:03:40] SEARCH DB=IBIS EXPR="HIN=304DB75F1960002100159844"
[2025-09-18 17:03:40] SEARCH DB=IBIS EXPR="HIN=304DB75F1960002100159844"
[2025-09-18 17:03:55] SEARCH DB=IBIS EXPR="HIN=304DB75F1960002100159844"
[2025-09-18 17:03:55] SEARCH DB=IBIS EXPR="HIN=304DB75F1960002100159844"
[2025-09-19 00:46:41] SEARCH DB=IBIS EXPR="HIN=304DB75F1960002100159843"
[2025-09-19 00:46:41] SEARCH DB=IBIS EXPR="HIN=304DB75F1960002100159843"
[2025-09-19 00:46:55] SEARCH DB=IBIS EXPR="HIN=304DB75F1960002100159843"
[2025-09-19 00:46:55] SEARCH DB=IBIS EXPR="HIN=304DB75F1960002100159843"
[2025-09-19 01:04:30] SEARCH DB=IBIS EXPR="HIN=304DB75F1960002100159843"
[2025-09-19 01:04:51] SEARCH DB=IBIS EXPR="HIN=304DB75F1960002100159843"
[2025-09-19 01:05:51] SEARCH DB=IBIS EXPR="HIN=304DB75F1960002100159843"
[2025-09-19 01:17:58] SEARCH DB=IBIS EXPR="H=304DB75F1960002100159843"
[2025-09-19 01:18:50] SEARCH DB=IBIS EXPR="H=304DB75F1960002100159843"
[2025-09-19 01:18:56] SEARCH DB=IBIS EXPR="H=304DB75F1960002100159843"
[2025-09-19 01:57:06] SEARCH DB=IBIS EXPR="H=304DB75F1960002100159843"
[2025-09-19 01:57:06] TRY DB=IBIS EXPR="H=304DB75F1960002100159843" -> NULL
[2025-09-19 01:57:06] SEARCH DB=IBIS EXPR="H=304DB75F1960002100159843"
[2025-09-19 01:57:06] TRY DB=IBIS EXPR="H=304DB75F1960002100159843" -> NULL
[2025-09-19 01:57:06] SEARCH DB=IBIS EXPR="HI=304DB75F1960002100159843"
[2025-09-19 01:57:06] TRY DB=IBIS EXPR="HI=304DB75F1960002100159843" -> NULL
[2025-09-19 01:57:06] SEARCH DB=IBIS EXPR="HIN=304DB75F1960002100159843"
[2025-09-19 01:57:06] TRY DB=IBIS EXPR="HIN=304DB75F1960002100159843" -> NULL
[2025-09-19 01:57:06] SEARCH DB=IBIS EXPR="RF=304DB75F1960002100159843"
[2025-09-19 01:57:06] TRY DB=IBIS EXPR="RF=304DB75F1960002100159843" -> NULL
[2025-09-19 01:57:06] SEARCH DB=IBIS EXPR="RFID=304DB75F1960002100159843"
[2025-09-19 01:57:06] TRY DB=IBIS EXPR="RFID=304DB75F1960002100159843" -> NULL
[2025-09-19 01:57:06] NOT FOUND in DB=IBIS for RFID=304DB75F1960002100159843
[2025-09-19 01:57:16] SEARCH DB=IBIS EXPR="H=304DB75F1960002100159843"
[2025-09-19 01:57:16] TRY DB=IBIS EXPR="H=304DB75F1960002100159843" -> NULL
[2025-09-19 01:57:16] SEARCH DB=IBIS EXPR="H=304DB75F1960002100159843"
[2025-09-19 01:57:16] TRY DB=IBIS EXPR="H=304DB75F1960002100159843" -> NULL
[2025-09-19 01:57:16] SEARCH DB=IBIS EXPR="HI=304DB75F1960002100159843"
[2025-09-19 01:57:16] TRY DB=IBIS EXPR="HI=304DB75F1960002100159843" -> NULL
[2025-09-19 01:57:16] SEARCH DB=IBIS EXPR="HIN=304DB75F1960002100159843"
[2025-09-19 01:57:16] TRY DB=IBIS EXPR="HIN=304DB75F1960002100159843" -> NULL
[2025-09-19 01:57:16] SEARCH DB=IBIS EXPR="RF=304DB75F1960002100159843"
[2025-09-19 01:57:16] TRY DB=IBIS EXPR="RF=304DB75F1960002100159843" -> NULL
[2025-09-19 01:57:16] SEARCH DB=IBIS EXPR="RFID=304DB75F1960002100159843"
[2025-09-19 01:57:16] TRY DB=IBIS EXPR="RFID=304DB75F1960002100159843" -> NULL
[2025-09-19 01:57:16] NOT FOUND in DB=IBIS for RFID=304DB75F1960002100159843
[2025-09-19 02:41:05] SEARCH DB=IBIS EXPR="H=304DB75F1960002100159843"
[2025-09-19 02:41:05] TRY DB=IBIS EXPR="H=304DB75F1960002100159843" -> NULL
[2025-09-19 02:41:05] SEARCH DB=IBIS EXPR="H=304DB75F1960002100159843"
[2025-09-19 02:41:05] TRY DB=IBIS EXPR="H=304DB75F1960002100159843" -> NULL
[2025-09-19 02:41:05] SEARCH DB=IBIS EXPR="HI=304DB75F1960002100159843"
[2025-09-19 02:41:05] TRY DB=IBIS EXPR="HI=304DB75F1960002100159843" -> NULL
[2025-09-19 02:41:05] SEARCH DB=IBIS EXPR="HIN=304DB75F1960002100159843"
[2025-09-19 02:41:05] TRY DB=IBIS EXPR="HIN=304DB75F1960002100159843" -> NULL
[2025-09-19 02:41:05] SEARCH DB=IBIS EXPR="RF=304DB75F1960002100159843"
[2025-09-19 02:41:05] TRY DB=IBIS EXPR="RF=304DB75F1960002100159843" -> NULL
[2025-09-19 02:41:05] SEARCH DB=IBIS EXPR="RFID=304DB75F1960002100159843"
[2025-09-19 02:41:05] TRY DB=IBIS EXPR="RFID=304DB75F1960002100159843" -> NULL
[2025-09-19 02:41:05] NOT FOUND in DB=IBIS for RFID=304DB75F1960002100159843
