[2025-09-10 20:14:17] === START ===
[2025-09-10 20:14:17] Reader[0]: ACS ACR1281 1S Dual Reader ICC 0
[2025-09-10 20:14:17] Reader[1]: ACS ACR1281 1S Dual Reader PICC 0
[2025-09-10 20:14:17] Reader[2]: ACS ACR1281 1S Dual Reader SAM 0
[2025-09-10 20:14:17] Connect: ACS ACR1281 1S Dual Reader ICC 0
[2025-09-10 20:14:17] PCSC EX: ACS ACR1281 1S Dual Reader ICC 0 -> RemovedCard The smart card has been removed, so further communication is not possible.
[2025-09-10 20:14:17] Connect: ACS ACR1281 1S Dual Reader PICC 0
[2025-09-10 20:14:17] UID OK: ACS ACR1281 1S Dual Reader PICC 0 UID=04239092F17380
[2025-09-10 20:14:17] Connect: ACS ACR1281 1S Dual Reader SAM 0
[2025-09-10 20:14:17] PCSC EX: ACS ACR1281 1S Dual Reader SAM 0 -> RemovedCard The smart card has been removed, so further communication is not possible.
[2025-09-10 20:14:17] === END ===
[2025-09-10 20:32:04] === START ===
[2025-09-10 20:32:04] Reader[0]: ACS ACR1281 1S Dual Reader ICC 0
[2025-09-10 20:32:04] Reader[1]: ACS ACR1281 1S Dual Reader PICC 0
[2025-09-10 20:32:04] Reader[2]: ACS ACR1281 1S Dual Reader SAM 0
[2025-09-10 20:32:04] Connect: ACS ACR1281 1S Dual Reader ICC 0
[2025-09-10 20:32:04] PCSC EX: ACS ACR1281 1S Dual Reader ICC 0 -> RemovedCard The smart card has been removed, so further communication is not possible.
[2025-09-10 20:32:04] Connect: ACS ACR1281 1S Dual Reader PICC 0
[2025-09-10 20:32:04] PCSC EX: ACS ACR1281 1S Dual Reader PICC 0 -> RemovedCard The smart card has been removed, so further communication is not possible.
[2025-09-10 20:32:04] Connect: ACS ACR1281 1S Dual Reader SAM 0
[2025-09-10 20:32:04] PCSC EX: ACS ACR1281 1S Dual Reader SAM 0 -> RemovedCard The smart card has been removed, so further communication is not possible.
[2025-09-10 20:32:04] === END ===
[2025-09-10 20:32:43] === START ===
[2025-09-10 20:32:43] Reader[0]: ACS ACR1281 1S Dual Reader ICC 0
[2025-09-10 20:32:43] Reader[1]: ACS ACR1281 1S Dual Reader PICC 0
[2025-09-10 20:32:43] Reader[2]: ACS ACR1281 1S Dual Reader SAM 0
[2025-09-10 20:32:43] Connect: ACS ACR1281 1S Dual Reader ICC 0
[2025-09-10 20:32:43] PCSC EX: ACS ACR1281 1S Dual Reader ICC 0 -> RemovedCard The smart card has been removed, so further communication is not possible.
[2025-09-10 20:32:43] Connect: ACS ACR1281 1S Dual Reader PICC 0
[2025-09-10 20:32:43] PCSC EX: ACS ACR1281 1S Dual Reader PICC 0 -> RemovedCard The smart card has been removed, so further communication is not possible.
[2025-09-10 20:32:43] Connect: ACS ACR1281 1S Dual Reader SAM 0
[2025-09-10 20:32:43] PCSC EX: ACS ACR1281 1S Dual Reader SAM 0 -> RemovedCard The smart card has been removed, so further communication is not possible.
[2025-09-10 20:32:43] === END ===
[2025-09-10 20:33:00] === START ===
[2025-09-10 20:33:00] Reader[0]: ACS ACR1281 1S Dual Reader ICC 0
[2025-09-10 20:33:00] Reader[1]: ACS ACR1281 1S Dual Reader PICC 0
[2025-09-10 20:33:00] Reader[2]: ACS ACR1281 1S Dual Reader SAM 0
[2025-09-10 20:33:00] Connect: ACS ACR1281 1S Dual Reader ICC 0
[2025-09-10 20:33:00] PCSC EX: ACS ACR1281 1S Dual Reader ICC 0 -> RemovedCard The smart card has been removed, so further communication is not possible.
[2025-09-10 20:33:00] Connect: ACS ACR1281 1S Dual Reader PICC 0
[2025-09-10 20:33:00] UID OK: ACS ACR1281 1S Dual Reader PICC 0 UID=04239092F17380
[2025-09-10 20:33:00] Connect: ACS ACR1281 1S Dual Reader SAM 0
[2025-09-10 20:33:00] PCSC EX: ACS ACR1281 1S Dual Reader SAM 0 -> RemovedCard The smart card has been removed, so further communication is not possible.
[2025-09-10 20:33:00] === END ===
[2025-09-10 20:55:08] === START ===
[2025-09-10 20:55:08] Reader[0]: ACS ACR1281 1S Dual Reader ICC 0
[2025-09-10 20:55:08] Reader[1]: ACS ACR1281 1S Dual Reader PICC 0
[2025-09-10 20:55:08] Reader[2]: ACS ACR1281 1S Dual Reader SAM 0
[2025-09-10 20:55:08] Connect: ACS ACR1281 1S Dual Reader ICC 0
[2025-09-10 20:55:08] PCSC EX: ACS ACR1281 1S Dual Reader ICC 0 -> RemovedCard The smart card has been removed, so further communication is not possible.
[2025-09-10 20:55:08] Connect: ACS ACR1281 1S Dual Reader PICC 0
[2025-09-10 20:55:08] PCSC EX: ACS ACR1281 1S Dual Reader PICC 0 -> RemovedCard The smart card has been removed, so further communication is not possible.
[2025-09-10 20:55:08] Connect: ACS ACR1281 1S Dual Reader SAM 0
[2025-09-10 20:55:08] PCSC EX: ACS ACR1281 1S Dual Reader SAM 0 -> RemovedCard The smart card has been removed, so further communication is not possible.
[2025-09-10 20:55:08] === END ===
[2025-09-10 21:07:26] === START ===
[2025-09-10 21:07:26] Reader[0]: ACS ACR1281 1S Dual Reader ICC 0
[2025-09-10 21:07:26] Reader[1]: ACS ACR1281 1S Dual Reader PICC 0
[2025-09-10 21:07:26] Reader[2]: ACS ACR1281 1S Dual Reader SAM 0
[2025-09-10 21:07:26] Connect: ACS ACR1281 1S Dual Reader ICC 0
[2025-09-10 21:07:26] PCSC EX: ACS ACR1281 1S Dual Reader ICC 0 -> RemovedCard The smart card has been removed, so further communication is not possible.
[2025-09-10 21:07:26] Connect: ACS ACR1281 1S Dual Reader PICC 0
[2025-09-10 21:07:26] UID OK: ACS ACR1281 1S Dual Reader PICC 0 UID=04239092F17380
[2025-09-10 21:07:26] Connect: ACS ACR1281 1S Dual Reader SAM 0
[2025-09-10 21:07:26] PCSC EX: ACS ACR1281 1S Dual Reader SAM 0 -> RemovedCard The smart card has been removed, so further communication is not possible.
[2025-09-10 21:07:26] === END ===
